[ 2025-01-04 02:28:52,358 ] 1025 httpx - INFO - HTTP Request: GET https://dagshub.com/api/v1/user "HTTP/1.1 200 OK"
[ 2025-01-04 02:28:52,374 ] 107 dagshub - INFO - Accessing as bapun84
[ 2025-01-04 02:28:52,859 ] 1025 httpx - INFO - HTTP Request: GET https://dagshub.com/api/v1/repos/bapun84/networksecurity- "HTTP/1.1 200 OK"
[ 2025-01-04 02:28:53,308 ] 1025 httpx - INFO - HTTP Request: GET https://dagshub.com/api/v1/user "HTTP/1.1 200 OK"
[ 2025-01-04 02:28:53,314 ] 107 dagshub - INFO - Initialized MLflow to track repo "bapun84/networksecurity-"
[ 2025-01-04 02:28:53,314 ] 107 dagshub - INFO - Repository bapun84/networksecurity- initialized!
[ 2025-01-04 02:28:56,401 ] 20 root - INFO - Initiate the data ingestion
[ 2025-01-04 02:29:02,931 ] 65 root - INFO - Performed train test split on the dataframe
[ 2025-01-04 02:29:02,931 ] 67 root - INFO - Exited split_data_as_train_test method of Data_Ingestion class
[ 2025-01-04 02:29:02,931 ] 75 root - INFO - Exporting train and test file path.
[ 2025-01-04 02:29:03,068 ] 84 root - INFO - Exported train and test file path.
[ 2025-01-04 02:29:03,068 ] 22 root - INFO - Data Initiation Completed
[ 2025-01-04 02:29:03,083 ] 26 root - INFO - Initiate the data Validation
[ 2025-01-04 02:29:03,155 ] 32 root - INFO - Required number of columns:2
[ 2025-01-04 02:29:03,155 ] 33 root - INFO - Data frame has columns:31
[ 2025-01-04 02:29:03,155 ] 32 root - INFO - Required number of columns:2
[ 2025-01-04 02:29:03,155 ] 33 root - INFO - Data frame has columns:31
[ 2025-01-04 02:29:03,559 ] 28 root - INFO - data Validation Completed
[ 2025-01-04 02:29:03,559 ] 31 root - INFO - data Transformation started
[ 2025-01-04 02:29:03,573 ] 63 root - INFO - Entered initiate_data_transformation method of DataTransformation class
[ 2025-01-04 02:29:03,573 ] 65 root - INFO - Starting data transformation
[ 2025-01-04 02:29:03,659 ] 48 root - INFO - Entered get_data_trnasformer_object method of Trnasformation class
[ 2025-01-04 02:29:03,659 ] 53 root - INFO - Initialise KNNImputer with {'missing_values': nan, 'n_neighbors': 3, 'weights': 'uniform'}
[ 2025-01-04 02:29:03,702 ] 46 root - INFO - Entered the save_object method of MainUtils class
[ 2025-01-04 02:29:03,702 ] 50 root - INFO - Exited the save_object method of MainUtils class
[ 2025-01-04 02:29:03,702 ] 46 root - INFO - Entered the save_object method of MainUtils class
[ 2025-01-04 02:29:03,717 ] 50 root - INFO - Exited the save_object method of MainUtils class
[ 2025-01-04 02:29:03,717 ] 35 root - INFO - data Transformation completed
[ 2025-01-04 02:29:03,717 ] 37 root - INFO - Model Training sstared
[ 2025-01-04 02:38:02,584 ] 868 urllib3.connectionpool - WARNING - Retrying (Retry(total=4, connect=5, read=4, redirect=5, status=5)) after connection broken by 'RemoteDisconnected('Remote end closed connection without response')': /bapun84/networksecurity-.mlflow/api/2.0/mlflow/runs/create
