[ 2025-01-04 17:16:18,203 ] 1025 httpx - INFO - HTTP Request: GET https://dagshub.com/api/v1/user "HTTP/1.1 200 OK"
[ 2025-01-04 17:16:18,218 ] 107 dagshub - INFO - Accessing as bapun84
[ 2025-01-04 17:16:19,044 ] 1025 httpx - INFO - HTTP Request: GET https://dagshub.com/api/v1/repos/bapun84/networksecurity- "HTTP/1.1 200 OK"
[ 2025-01-04 17:16:19,834 ] 1025 httpx - INFO - HTTP Request: GET https://dagshub.com/api/v1/user "HTTP/1.1 200 OK"
[ 2025-01-04 17:16:19,865 ] 107 dagshub - INFO - Initialized MLflow to track repo "bapun84/networksecurity-"
[ 2025-01-04 17:16:19,865 ] 107 dagshub - INFO - Repository bapun84/networksecurity- initialized!
[ 2025-01-04 17:25:51,004 ] 42 root - INFO - Start data Ingestion
[ 2025-01-04 17:26:00,703 ] 65 root - INFO - Performed train test split on the dataframe
[ 2025-01-04 17:26:00,703 ] 67 root - INFO - Exited split_data_as_train_test method of Data_Ingestion class
[ 2025-01-04 17:26:00,703 ] 75 root - INFO - Exporting train and test file path.
[ 2025-01-04 17:26:00,914 ] 84 root - INFO - Exported train and test file path.
[ 2025-01-04 17:26:00,919 ] 45 root - INFO - Data Ingestion completed and artifact: DataIngestionArtifact(trained_file_path='Artifacts\\01_04_2025_17_15_56\\data_ingestion\\ingested\\train.csv', test_file_path='Artifacts\\01_04_2025_17_15_56\\data_ingestion\\ingested\\test.csv')
[ 2025-01-04 17:26:00,946 ] 55 root - INFO - Initiate the data Validation
[ 2025-01-04 17:26:01,026 ] 32 root - INFO - Required number of columns:2
[ 2025-01-04 17:26:01,026 ] 33 root - INFO - Data frame has columns:31
[ 2025-01-04 17:26:01,026 ] 32 root - INFO - Required number of columns:2
[ 2025-01-04 17:26:01,026 ] 33 root - INFO - Data frame has columns:31
[ 2025-01-04 17:26:01,698 ] 63 root - INFO - Entered initiate_data_transformation method of DataTransformation class
[ 2025-01-04 17:26:01,698 ] 65 root - INFO - Starting data transformation
[ 2025-01-04 17:26:01,777 ] 48 root - INFO - Entered get_data_trnasformer_object method of Trnasformation class
[ 2025-01-04 17:26:01,777 ] 53 root - INFO - Initialise KNNImputer with {'missing_values': nan, 'n_neighbors': 3, 'weights': 'uniform'}
[ 2025-01-04 17:26:01,832 ] 46 root - INFO - Entered the save_object method of MainUtils class
[ 2025-01-04 17:26:01,835 ] 50 root - INFO - Exited the save_object method of MainUtils class
[ 2025-01-04 17:26:01,835 ] 46 root - INFO - Entered the save_object method of MainUtils class
[ 2025-01-04 17:26:01,835 ] 50 root - INFO - Exited the save_object method of MainUtils class
[ 2025-01-04 17:37:22,250 ] 868 urllib3.connectionpool - WARNING - Retrying (Retry(total=4, connect=5, read=4, redirect=5, status=5)) after connection broken by 'RemoteDisconnected('Remote end closed connection without response')': /bapun84/networksecurity-.mlflow/api/2.0/mlflow/runs/create
[ 2025-01-04 18:34:11,986 ] 42 root - INFO - Start data Ingestion
[ 2025-01-04 18:34:21,736 ] 65 root - INFO - Performed train test split on the dataframe
[ 2025-01-04 18:34:21,736 ] 67 root - INFO - Exited split_data_as_train_test method of Data_Ingestion class
[ 2025-01-04 18:34:21,737 ] 75 root - INFO - Exporting train and test file path.
[ 2025-01-04 18:34:22,064 ] 84 root - INFO - Exported train and test file path.
[ 2025-01-04 18:34:22,065 ] 45 root - INFO - Data Ingestion completed and artifact: DataIngestionArtifact(trained_file_path='Artifacts\\01_04_2025_17_15_56\\data_ingestion\\ingested\\train.csv', test_file_path='Artifacts\\01_04_2025_17_15_56\\data_ingestion\\ingested\\test.csv')
[ 2025-01-04 18:34:22,103 ] 55 root - INFO - Initiate the data Validation
[ 2025-01-04 18:34:22,238 ] 32 root - INFO - Required number of columns:2
[ 2025-01-04 18:34:22,238 ] 33 root - INFO - Data frame has columns:31
[ 2025-01-04 18:34:22,238 ] 32 root - INFO - Required number of columns:2
[ 2025-01-04 18:34:22,238 ] 33 root - INFO - Data frame has columns:31
[ 2025-01-04 18:34:22,873 ] 63 root - INFO - Entered initiate_data_transformation method of DataTransformation class
[ 2025-01-04 18:34:22,873 ] 65 root - INFO - Starting data transformation
[ 2025-01-04 18:34:23,036 ] 48 root - INFO - Entered get_data_trnasformer_object method of Trnasformation class
[ 2025-01-04 18:34:23,036 ] 53 root - INFO - Initialise KNNImputer with {'missing_values': nan, 'n_neighbors': 3, 'weights': 'uniform'}
[ 2025-01-04 18:34:23,088 ] 46 root - INFO - Entered the save_object method of MainUtils class
[ 2025-01-04 18:34:23,096 ] 50 root - INFO - Exited the save_object method of MainUtils class
[ 2025-01-04 18:34:23,097 ] 46 root - INFO - Entered the save_object method of MainUtils class
[ 2025-01-04 18:34:23,102 ] 50 root - INFO - Exited the save_object method of MainUtils class
[ 2025-01-04 18:48:04,694 ] 868 urllib3.connectionpool - WARNING - Retrying (Retry(total=4, connect=5, read=4, redirect=5, status=5)) after connection broken by 'RemoteDisconnected('Remote end closed connection without response')': /bapun84/networksecurity-.mlflow/api/2.0/mlflow/runs/create
