[ 2025-01-04 01:46:02,011 ] 1025 httpx - INFO - HTTP Request: GET https://dagshub.com/api/v1/user "HTTP/1.1 200 OK"
[ 2025-01-04 01:46:02,040 ] 107 dagshub - INFO - Accessing as bapun84
[ 2025-01-04 01:46:02,525 ] 1025 httpx - INFO - HTTP Request: GET https://dagshub.com/api/v1/repos/bapun84/networksecurity- "HTTP/1.1 200 OK"
[ 2025-01-04 01:46:02,997 ] 1025 httpx - INFO - HTTP Request: GET https://dagshub.com/api/v1/user "HTTP/1.1 200 OK"
[ 2025-01-04 01:46:03,013 ] 107 dagshub - INFO - Initialized MLflow to track repo "bapun84/networksecurity-"
[ 2025-01-04 01:46:03,013 ] 107 dagshub - INFO - Repository bapun84/networksecurity- initialized!
[ 2025-01-04 01:46:03,035 ] 20 root - INFO - Initiate the data ingestion
[ 2025-01-04 01:46:08,201 ] 65 root - INFO - Performed train test split on the dataframe
[ 2025-01-04 01:46:08,205 ] 67 root - INFO - Exited split_data_as_train_test method of Data_Ingestion class
[ 2025-01-04 01:46:08,205 ] 75 root - INFO - Exporting train and test file path.
[ 2025-01-04 01:46:08,344 ] 84 root - INFO - Exported train and test file path.
[ 2025-01-04 01:46:08,344 ] 22 root - INFO - Data Initiation Completed
[ 2025-01-04 01:46:08,360 ] 26 root - INFO - Initiate the data Validation
[ 2025-01-04 01:46:08,442 ] 32 root - INFO - Required number of columns:2
[ 2025-01-04 01:46:08,442 ] 33 root - INFO - Data frame has columns:31
[ 2025-01-04 01:46:08,443 ] 32 root - INFO - Required number of columns:2
[ 2025-01-04 01:46:08,443 ] 33 root - INFO - Data frame has columns:31
[ 2025-01-04 01:46:08,886 ] 28 root - INFO - data Validation Completed
[ 2025-01-04 01:46:08,886 ] 31 root - INFO - data Transformation started
[ 2025-01-04 01:46:08,886 ] 63 root - INFO - Entered initiate_data_transformation method of DataTransformation class
[ 2025-01-04 01:46:08,886 ] 65 root - INFO - Starting data transformation
[ 2025-01-04 01:46:08,973 ] 48 root - INFO - Entered get_data_trnasformer_object method of Trnasformation class
[ 2025-01-04 01:46:08,973 ] 53 root - INFO - Initialise KNNImputer with {'missing_values': nan, 'n_neighbors': 3, 'weights': 'uniform'}
[ 2025-01-04 01:46:08,990 ] 46 root - INFO - Entered the save_object method of MainUtils class
[ 2025-01-04 01:46:09,009 ] 50 root - INFO - Exited the save_object method of MainUtils class
[ 2025-01-04 01:46:09,009 ] 46 root - INFO - Entered the save_object method of MainUtils class
[ 2025-01-04 01:46:09,009 ] 50 root - INFO - Exited the save_object method of MainUtils class
[ 2025-01-04 01:46:09,009 ] 35 root - INFO - data Transformation completed
[ 2025-01-04 01:46:09,009 ] 37 root - INFO - Model Training sstared
