[ 2025-01-04 02:05:46,560 ] 1025 httpx - INFO - HTTP Request: GET https://dagshub.com/api/v1/user "HTTP/1.1 200 OK"
[ 2025-01-04 02:05:46,607 ] 107 dagshub - INFO - Accessing as bapun84
[ 2025-01-04 02:05:47,377 ] 1025 httpx - INFO - HTTP Request: GET https://dagshub.com/api/v1/repos/bapun84/networksecurity- "HTTP/1.1 200 OK"
[ 2025-01-04 02:05:47,861 ] 1025 httpx - INFO - HTTP Request: GET https://dagshub.com/api/v1/user "HTTP/1.1 200 OK"
[ 2025-01-04 02:05:47,861 ] 107 dagshub - INFO - Initialized MLflow to track repo "bapun84/networksecurity-"
[ 2025-01-04 02:05:47,876 ] 107 dagshub - INFO - Repository bapun84/networksecurity- initialized!
[ 2025-01-04 02:05:47,889 ] 20 root - INFO - Initiate the data ingestion
[ 2025-01-04 02:05:57,111 ] 65 root - INFO - Performed train test split on the dataframe
[ 2025-01-04 02:05:57,111 ] 67 root - INFO - Exited split_data_as_train_test method of Data_Ingestion class
[ 2025-01-04 02:05:57,111 ] 75 root - INFO - Exporting train and test file path.
[ 2025-01-04 02:05:57,236 ] 84 root - INFO - Exported train and test file path.
[ 2025-01-04 02:05:57,236 ] 22 root - INFO - Data Initiation Completed
[ 2025-01-04 02:05:57,267 ] 26 root - INFO - Initiate the data Validation
[ 2025-01-04 02:05:57,337 ] 32 root - INFO - Required number of columns:2
[ 2025-01-04 02:05:57,337 ] 33 root - INFO - Data frame has columns:31
[ 2025-01-04 02:05:57,337 ] 32 root - INFO - Required number of columns:2
[ 2025-01-04 02:05:57,337 ] 33 root - INFO - Data frame has columns:31
[ 2025-01-04 02:05:57,787 ] 28 root - INFO - data Validation Completed
[ 2025-01-04 02:05:57,788 ] 31 root - INFO - data Transformation started
[ 2025-01-04 02:05:57,788 ] 63 root - INFO - Entered initiate_data_transformation method of DataTransformation class
[ 2025-01-04 02:05:57,788 ] 65 root - INFO - Starting data transformation
[ 2025-01-04 02:05:57,854 ] 48 root - INFO - Entered get_data_trnasformer_object method of Trnasformation class
[ 2025-01-04 02:05:57,854 ] 53 root - INFO - Initialise KNNImputer with {'missing_values': nan, 'n_neighbors': 3, 'weights': 'uniform'}
[ 2025-01-04 02:05:57,888 ] 46 root - INFO - Entered the save_object method of MainUtils class
[ 2025-01-04 02:05:57,893 ] 50 root - INFO - Exited the save_object method of MainUtils class
[ 2025-01-04 02:05:57,894 ] 46 root - INFO - Entered the save_object method of MainUtils class
[ 2025-01-04 02:05:57,898 ] 50 root - INFO - Exited the save_object method of MainUtils class
[ 2025-01-04 02:05:57,900 ] 35 root - INFO - data Transformation completed
[ 2025-01-04 02:05:57,900 ] 37 root - INFO - Model Training sstared
